<?xml version="1.0" encoding="UTF-8"?>
<!-- Generated by org.testng.reporters.JUnitReportReporter -->
<testsuite hostname="DESKTOP-BG83L86" failures="0" tests="1" name="testcases.MathModule" time="23.446" errors="0" timestamp="2023-12-04T14:27:34 IST" skipped="0">
  <testcase classname="testcases.MathModule" name="mathQuiz" time="23.446"/>
</testsuite> <!-- testcases.MathModule -->
