<?xml version="1.0" encoding="UTF-8"?>
<!-- Generated by org.testng.reporters.JUnitReportReporter -->
<testsuite hostname="DESKTOP-BG83L86" failures="0" tests="1" name="com.quiz_app.testcases.MathModule" time="8.229" errors="0" timestamp="2023-12-20T17:55:57 IST" skipped="0">
  <testcase classname="com.quiz_app.testcases.MathModule" name="verifyBySelectingOneQuestionAnswerCorrect" time="8.229"/>
</testsuite> <!-- com.quiz_app.testcases.MathModule -->
