<?xml version="1.0" encoding="UTF-8"?>
<!-- Generated by org.testng.reporters.JUnitReportReporter -->
<testsuite hostname="DESKTOP-BG83L86" failures="0" tests="2" name="com.quiz_app.testcases.QuizAppTest" time="36.161" errors="0" timestamp="2023-12-21T16:17:41 IST" skipped="0">
  <testcase classname="com.quiz_app.testcases.QuizAppTest" name="verifyMathQuiz" time="15.958"/>
  <testcase classname="com.quiz_app.testcases.QuizAppTest" name="verifyScienceQuiz" time="20.203"/>
</testsuite> <!-- com.quiz_app.testcases.QuizAppTest -->
